[2015-04-30 19:01:14,051] TRACE [Controller 0]: checking need to trigger partition rebalance (kafka.controller.KafkaController)
[2015-04-30 19:01:14,052] DEBUG [Controller 0]: preferred replicas by broker Map(0 -> Map([test,0] -> List(0))) (kafka.controller.KafkaController)
[2015-04-30 19:01:14,052] DEBUG [Controller 0]: topics not in preferred replica Map() (kafka.controller.KafkaController)
[2015-04-30 19:01:14,052] TRACE [Controller 0]: leader imbalance ratio for broker 0 is 0.000000 (kafka.controller.KafkaController)
[2015-04-30 19:06:14,053] TRACE [Controller 0]: checking need to trigger partition rebalance (kafka.controller.KafkaController)
[2015-04-30 19:06:14,053] DEBUG [Controller 0]: preferred replicas by broker Map(0 -> Map([test,0] -> List(0))) (kafka.controller.KafkaController)
[2015-04-30 19:06:14,053] DEBUG [Controller 0]: topics not in preferred replica Map() (kafka.controller.KafkaController)
[2015-04-30 19:06:14,054] TRACE [Controller 0]: leader imbalance ratio for broker 0 is 0.000000 (kafka.controller.KafkaController)
[2015-04-30 19:13:46,224] DEBUG preRegister called. Server=com.sun.jmx.mbeanserver.JmxMBeanServer@1edad6d0, name=log4j:logger=kafka.controller (kafka.controller)
[2015-04-30 19:15:02,971] INFO [Controller 0]: Controller starting up (kafka.controller.KafkaController)
[2015-04-30 19:15:03,004] INFO [Controller 0]: Broker 0 starting become controller state transition (kafka.controller.KafkaController)
[2015-04-30 19:15:03,012] INFO [Controller 0]: Initialized controller epoch to 6 and zk version 5 (kafka.controller.KafkaController)
[2015-04-30 19:15:03,016] INFO [Controller 0]: Controller 0 incremented epoch to 7 (kafka.controller.KafkaController)
[2015-04-30 19:15:03,088] INFO [Controller 0]: Partitions undergoing preferred replica election:  (kafka.controller.KafkaController)
[2015-04-30 19:15:03,088] INFO [Controller 0]: Partitions that completed preferred replica election:  (kafka.controller.KafkaController)
[2015-04-30 19:15:03,088] INFO [Controller 0]: Resuming preferred replica election for partitions:  (kafka.controller.KafkaController)
[2015-04-30 19:15:03,091] INFO [Controller 0]: Partitions being reassigned: Map() (kafka.controller.KafkaController)
[2015-04-30 19:15:03,092] INFO [Controller 0]: Partitions already reassigned: List() (kafka.controller.KafkaController)
[2015-04-30 19:15:03,093] INFO [Controller 0]: Resuming reassignment of partitions: Map() (kafka.controller.KafkaController)
[2015-04-30 19:15:03,097] INFO [Controller 0]: List of topics to be deleted:  (kafka.controller.KafkaController)
[2015-04-30 19:15:03,097] INFO [Controller 0]: List of topics ineligible for deletion: test (kafka.controller.KafkaController)
[2015-04-30 19:15:03,100] INFO [Controller 0]: Currently active brokers in the cluster: Set() (kafka.controller.KafkaController)
[2015-04-30 19:15:03,101] INFO [Controller 0]: Currently shutting brokers in the cluster: Set() (kafka.controller.KafkaController)
[2015-04-30 19:15:03,101] INFO [Controller 0]: Current list of topics in the cluster: Set(test) (kafka.controller.KafkaController)
[2015-04-30 19:15:03,106] INFO [Replica state machine on controller 0]: Started replica state machine with initial state -> Map([Topic=test,Partition=0,Replica=0] -> ReplicaDeletionIneligible) (kafka.controller.ReplicaStateMachine)
[2015-04-30 19:15:03,143] DEBUG [OfflinePartitionLeaderSelector]: No broker in ISR is alive for [test,0]. Pick the leader from the alive assigned replicas:  (kafka.controller.OfflinePartitionLeaderSelector)
[2015-04-30 19:15:03,149] INFO [Partition state machine on Controller 0]: Started partition state machine with initial state -> Map([test,0] -> OfflinePartition) (kafka.controller.PartitionStateMachine)
[2015-04-30 19:15:03,151] INFO [Controller 0]: Broker 0 is ready to serve as the new controller with epoch 7 (kafka.controller.KafkaController)
[2015-04-30 19:15:03,152] INFO [Controller 0]: Starting preferred replica leader election for partitions  (kafka.controller.KafkaController)
[2015-04-30 19:15:03,153] INFO [Partition state machine on Controller 0]: Invoking state change to OnlinePartition for partitions  (kafka.controller.PartitionStateMachine)
[2015-04-30 19:15:03,161] INFO [Controller 0]: starting the partition rebalance scheduler (kafka.controller.KafkaController)
[2015-04-30 19:15:03,162] INFO [Controller 0]: Controller startup complete (kafka.controller.KafkaController)
[2015-04-30 19:15:03,190] INFO [BrokerChangeListener on Controller 0]: Broker change listener fired for path /brokers/ids with children 0 (kafka.controller.ReplicaStateMachine$BrokerChangeListener)
[2015-04-30 19:15:03,256] INFO [BrokerChangeListener on Controller 0]: Newly added brokers: 0, deleted brokers: , all live brokers: 0 (kafka.controller.ReplicaStateMachine$BrokerChangeListener)
[2015-04-30 19:15:03,259] DEBUG [Channel manager on controller 0]: Controller 0 trying to connect to broker 0 (kafka.controller.ControllerChannelManager)
[2015-04-30 19:15:03,264] INFO [Controller-0-to-broker-0-send-thread], Controller 0 connected to id:0,host:airbears2-10-142-33-133.airbears2.1918.berkeley.edu,port:9092 for sending state change requests (kafka.controller.RequestSendThread)
[2015-04-30 19:15:03,264] INFO [Controller-0-to-broker-0-send-thread], Starting  (kafka.controller.RequestSendThread)
[2015-04-30 19:15:03,265] INFO [Controller 0]: New broker startup callback for 0 (kafka.controller.KafkaController)
[2015-04-30 19:15:03,273] INFO [Replica state machine on controller 0]: Invoking state change to OnlineReplica for replicas [Topic=test,Partition=0,Replica=0] (kafka.controller.ReplicaStateMachine)
[2015-04-30 19:15:03,299] DEBUG [OfflinePartitionLeaderSelector]: Some broker in ISR is alive for [test,0]. Select 0 from ISR 0 to be the leader. (kafka.controller.OfflinePartitionLeaderSelector)
[2015-04-30 19:15:03,300] INFO [OfflinePartitionLeaderSelector]: Selected new leader and ISR {"leader":0,"leader_epoch":6,"isr":[0]} for offline partition [test,0] (kafka.controller.OfflinePartitionLeaderSelector)
[2015-04-30 19:15:03,306] DEBUG [Partition state machine on Controller 0]: After leader election, leader cache is updated to Map([test,0] -> (Leader:0,ISR:0,LeaderEpoch:6,ControllerEpoch:7)) (kafka.controller.PartitionStateMachine)
[2015-04-30 19:15:08,168] TRACE [Controller 0]: checking need to trigger partition rebalance (kafka.controller.KafkaController)
[2015-04-30 19:15:08,173] DEBUG [Controller 0]: preferred replicas by broker Map(0 -> Map([test,0] -> List(0))) (kafka.controller.KafkaController)
[2015-04-30 19:15:08,175] DEBUG [Controller 0]: topics not in preferred replica Map() (kafka.controller.KafkaController)
[2015-04-30 19:15:08,176] TRACE [Controller 0]: leader imbalance ratio for broker 0 is 0.000000 (kafka.controller.KafkaController)
[2015-04-30 19:18:47,353] INFO [Controller 0]: Shutting down broker 0 (kafka.controller.KafkaController)
[2015-04-30 19:18:47,353] DEBUG [Controller 0]: All shutting down brokers: 0 (kafka.controller.KafkaController)
[2015-04-30 19:18:47,354] DEBUG [Controller 0]: Live brokers:  (kafka.controller.KafkaController)
[2015-04-30 19:18:47,357] TRACE [Controller 0]: All leaders = [test,0] -> (Leader:0,ISR:0,LeaderEpoch:6,ControllerEpoch:7) (kafka.controller.KafkaController)
[2015-04-30 19:18:48,251] INFO [Partition state machine on Controller 0]: Stopped partition state machine (kafka.controller.PartitionStateMachine)
[2015-04-30 19:18:48,251] INFO [Replica state machine on controller 0]: Stopped replica state machine (kafka.controller.ReplicaStateMachine)
[2015-04-30 19:18:48,252] INFO [Controller-0-to-broker-0-send-thread], Shutting down (kafka.controller.RequestSendThread)
[2015-04-30 19:18:48,252] INFO [Controller-0-to-broker-0-send-thread], Stopped  (kafka.controller.RequestSendThread)
[2015-04-30 19:18:48,252] INFO [Controller-0-to-broker-0-send-thread], Shutdown completed (kafka.controller.RequestSendThread)
[2015-04-30 19:18:48,253] INFO [Controller 0]: Broker 0 resigned as the controller (kafka.controller.KafkaController)
[2015-04-30 19:18:54,482] DEBUG preRegister called. Server=com.sun.jmx.mbeanserver.JmxMBeanServer@365aad2a, name=log4j:logger=kafka.controller (kafka.controller)
[2015-04-30 19:18:57,687] INFO [Controller 0]: Controller starting up (kafka.controller.KafkaController)
[2015-04-30 19:18:57,719] INFO [Controller 0]: Broker 0 starting become controller state transition (kafka.controller.KafkaController)
[2015-04-30 19:18:57,727] INFO [Controller 0]: Initialized controller epoch to 7 and zk version 6 (kafka.controller.KafkaController)
[2015-04-30 19:18:57,732] INFO [Controller 0]: Controller 0 incremented epoch to 8 (kafka.controller.KafkaController)
[2015-04-30 19:18:57,804] INFO [Controller 0]: Partitions undergoing preferred replica election:  (kafka.controller.KafkaController)
[2015-04-30 19:18:57,805] INFO [Controller 0]: Partitions that completed preferred replica election:  (kafka.controller.KafkaController)
[2015-04-30 19:18:57,805] INFO [Controller 0]: Resuming preferred replica election for partitions:  (kafka.controller.KafkaController)
[2015-04-30 19:18:57,808] INFO [Controller 0]: Partitions being reassigned: Map() (kafka.controller.KafkaController)
[2015-04-30 19:18:57,808] INFO [Controller 0]: Partitions already reassigned: List() (kafka.controller.KafkaController)
[2015-04-30 19:18:57,810] INFO [Controller 0]: Resuming reassignment of partitions: Map() (kafka.controller.KafkaController)
[2015-04-30 19:18:57,814] INFO [Controller 0]: List of topics to be deleted:  (kafka.controller.KafkaController)
[2015-04-30 19:18:57,815] INFO [Controller 0]: List of topics ineligible for deletion: test (kafka.controller.KafkaController)
[2015-04-30 19:18:57,817] INFO [Controller 0]: Currently active brokers in the cluster: Set() (kafka.controller.KafkaController)
[2015-04-30 19:18:57,818] INFO [Controller 0]: Currently shutting brokers in the cluster: Set() (kafka.controller.KafkaController)
[2015-04-30 19:18:57,819] INFO [Controller 0]: Current list of topics in the cluster: Set(test) (kafka.controller.KafkaController)
[2015-04-30 19:18:57,824] INFO [Replica state machine on controller 0]: Started replica state machine with initial state -> Map([Topic=test,Partition=0,Replica=0] -> ReplicaDeletionIneligible) (kafka.controller.ReplicaStateMachine)
[2015-04-30 19:18:57,864] DEBUG [OfflinePartitionLeaderSelector]: No broker in ISR is alive for [test,0]. Pick the leader from the alive assigned replicas:  (kafka.controller.OfflinePartitionLeaderSelector)
[2015-04-30 19:18:57,871] INFO [Partition state machine on Controller 0]: Started partition state machine with initial state -> Map([test,0] -> OfflinePartition) (kafka.controller.PartitionStateMachine)
[2015-04-30 19:18:57,874] INFO [Controller 0]: Broker 0 is ready to serve as the new controller with epoch 8 (kafka.controller.KafkaController)
[2015-04-30 19:18:57,875] INFO [Controller 0]: Starting preferred replica leader election for partitions  (kafka.controller.KafkaController)
[2015-04-30 19:18:57,876] INFO [Partition state machine on Controller 0]: Invoking state change to OnlinePartition for partitions  (kafka.controller.PartitionStateMachine)
[2015-04-30 19:18:57,885] INFO [Controller 0]: starting the partition rebalance scheduler (kafka.controller.KafkaController)
[2015-04-30 19:18:57,886] INFO [Controller 0]: Controller startup complete (kafka.controller.KafkaController)
[2015-04-30 19:18:57,914] INFO [BrokerChangeListener on Controller 0]: Broker change listener fired for path /brokers/ids with children 0 (kafka.controller.ReplicaStateMachine$BrokerChangeListener)
[2015-04-30 19:18:57,978] INFO [BrokerChangeListener on Controller 0]: Newly added brokers: 0, deleted brokers: , all live brokers: 0 (kafka.controller.ReplicaStateMachine$BrokerChangeListener)
[2015-04-30 19:18:57,979] DEBUG [Channel manager on controller 0]: Controller 0 trying to connect to broker 0 (kafka.controller.ControllerChannelManager)
[2015-04-30 19:18:57,984] INFO [Controller-0-to-broker-0-send-thread], Controller 0 connected to id:0,host:airbears2-10-142-33-133.airbears2.1918.berkeley.edu,port:9092 for sending state change requests (kafka.controller.RequestSendThread)
[2015-04-30 19:18:57,985] INFO [Controller-0-to-broker-0-send-thread], Starting  (kafka.controller.RequestSendThread)
[2015-04-30 19:18:57,985] INFO [Controller 0]: New broker startup callback for 0 (kafka.controller.KafkaController)
[2015-04-30 19:18:57,994] INFO [Replica state machine on controller 0]: Invoking state change to OnlineReplica for replicas [Topic=test,Partition=0,Replica=0] (kafka.controller.ReplicaStateMachine)
[2015-04-30 19:18:58,021] DEBUG [OfflinePartitionLeaderSelector]: Some broker in ISR is alive for [test,0]. Select 0 from ISR 0 to be the leader. (kafka.controller.OfflinePartitionLeaderSelector)
[2015-04-30 19:18:58,022] INFO [OfflinePartitionLeaderSelector]: Selected new leader and ISR {"leader":0,"leader_epoch":7,"isr":[0]} for offline partition [test,0] (kafka.controller.OfflinePartitionLeaderSelector)
[2015-04-30 19:18:58,028] DEBUG [Partition state machine on Controller 0]: After leader election, leader cache is updated to Map([test,0] -> (Leader:0,ISR:0,LeaderEpoch:7,ControllerEpoch:8)) (kafka.controller.PartitionStateMachine)
[2015-04-30 19:19:02,890] TRACE [Controller 0]: checking need to trigger partition rebalance (kafka.controller.KafkaController)
[2015-04-30 19:19:02,894] DEBUG [Controller 0]: preferred replicas by broker Map(0 -> Map([test,0] -> List(0))) (kafka.controller.KafkaController)
[2015-04-30 19:19:02,896] DEBUG [Controller 0]: topics not in preferred replica Map() (kafka.controller.KafkaController)
[2015-04-30 19:19:02,897] TRACE [Controller 0]: leader imbalance ratio for broker 0 is 0.000000 (kafka.controller.KafkaController)
[2015-04-30 19:24:02,903] TRACE [Controller 0]: checking need to trigger partition rebalance (kafka.controller.KafkaController)
[2015-04-30 19:24:02,904] DEBUG [Controller 0]: preferred replicas by broker Map(0 -> Map([test,0] -> List(0))) (kafka.controller.KafkaController)
[2015-04-30 19:24:02,904] DEBUG [Controller 0]: topics not in preferred replica Map() (kafka.controller.KafkaController)
[2015-04-30 19:24:02,904] TRACE [Controller 0]: leader imbalance ratio for broker 0 is 0.000000 (kafka.controller.KafkaController)
[2015-04-30 19:29:02,901] TRACE [Controller 0]: checking need to trigger partition rebalance (kafka.controller.KafkaController)
[2015-04-30 19:29:02,901] DEBUG [Controller 0]: preferred replicas by broker Map(0 -> Map([test,0] -> List(0))) (kafka.controller.KafkaController)
[2015-04-30 19:29:02,902] DEBUG [Controller 0]: topics not in preferred replica Map() (kafka.controller.KafkaController)
[2015-04-30 19:29:02,902] TRACE [Controller 0]: leader imbalance ratio for broker 0 is 0.000000 (kafka.controller.KafkaController)
[2015-04-30 19:34:02,905] TRACE [Controller 0]: checking need to trigger partition rebalance (kafka.controller.KafkaController)
[2015-04-30 19:34:02,906] DEBUG [Controller 0]: preferred replicas by broker Map(0 -> Map([test,0] -> List(0))) (kafka.controller.KafkaController)
[2015-04-30 19:34:02,906] DEBUG [Controller 0]: topics not in preferred replica Map() (kafka.controller.KafkaController)
[2015-04-30 19:34:02,906] TRACE [Controller 0]: leader imbalance ratio for broker 0 is 0.000000 (kafka.controller.KafkaController)
[2015-04-30 19:39:02,905] TRACE [Controller 0]: checking need to trigger partition rebalance (kafka.controller.KafkaController)
[2015-04-30 19:39:02,906] DEBUG [Controller 0]: preferred replicas by broker Map(0 -> Map([test,0] -> List(0))) (kafka.controller.KafkaController)
[2015-04-30 19:39:02,906] DEBUG [Controller 0]: topics not in preferred replica Map() (kafka.controller.KafkaController)
[2015-04-30 19:39:02,906] TRACE [Controller 0]: leader imbalance ratio for broker 0 is 0.000000 (kafka.controller.KafkaController)
[2015-04-30 19:41:25,791] DEBUG preRegister called. Server=com.sun.jmx.mbeanserver.JmxMBeanServer@2d247c45, name=log4j:logger=kafka.controller (kafka.controller)
[2015-04-30 19:41:34,104] INFO [Controller 0]: Shutting down broker 0 (kafka.controller.KafkaController)
[2015-04-30 19:41:34,104] DEBUG [Controller 0]: All shutting down brokers: 0 (kafka.controller.KafkaController)
[2015-04-30 19:41:34,105] DEBUG [Controller 0]: Live brokers:  (kafka.controller.KafkaController)
[2015-04-30 19:41:34,108] TRACE [Controller 0]: All leaders = [test,0] -> (Leader:0,ISR:0,LeaderEpoch:7,ControllerEpoch:8) (kafka.controller.KafkaController)
[2015-04-30 19:41:34,619] INFO [Partition state machine on Controller 0]: Stopped partition state machine (kafka.controller.PartitionStateMachine)
[2015-04-30 19:41:34,620] INFO [Replica state machine on controller 0]: Stopped replica state machine (kafka.controller.ReplicaStateMachine)
[2015-04-30 19:41:34,620] INFO [Controller-0-to-broker-0-send-thread], Shutting down (kafka.controller.RequestSendThread)
[2015-04-30 19:41:34,620] INFO [Controller-0-to-broker-0-send-thread], Stopped  (kafka.controller.RequestSendThread)
[2015-04-30 19:41:34,620] INFO [Controller-0-to-broker-0-send-thread], Shutdown completed (kafka.controller.RequestSendThread)
[2015-04-30 19:41:34,621] INFO [Controller 0]: Broker 0 resigned as the controller (kafka.controller.KafkaController)
