[2015-04-30 16:11:10,729] INFO starting (kafka.server.KafkaServer)
[2015-04-30 16:11:10,734] INFO Connecting to zookeeper on localhost:2181 (kafka.server.KafkaServer)
[2015-04-30 16:11:10,940] INFO Log directory '/tmp/kafka-logs' not found, creating it. (kafka.log.LogManager)
[2015-04-30 16:11:10,954] INFO Loading logs. (kafka.log.LogManager)
[2015-04-30 16:11:10,968] INFO Logs loading complete. (kafka.log.LogManager)
[2015-04-30 16:11:10,969] INFO Starting log cleanup with a period of 300000 ms. (kafka.log.LogManager)
[2015-04-30 16:11:10,978] INFO Starting log flusher with a default period of 9223372036854775807 ms. (kafka.log.LogManager)
[2015-04-30 16:11:10,987] WARN No meta.properties file under dir /tmp/kafka-logs/meta.properties (kafka.server.BrokerMetadataCheckpoint)
[2015-04-30 16:11:11,107] INFO Awaiting socket connections on 0.0.0.0:9092. (kafka.network.Acceptor)
[2015-04-30 16:11:11,108] INFO [Socket Server on Broker 0], Started (kafka.network.SocketServer)
[2015-04-30 16:11:11,150] INFO [ExpirationReaper-0], Starting  (kafka.server.DelayedOperationPurgatory$ExpiredOperationReaper)
[2015-04-30 16:11:11,150] INFO [ExpirationReaper-0], Starting  (kafka.server.DelayedOperationPurgatory$ExpiredOperationReaper)
[2015-04-30 16:11:11,296] INFO 0 successfully elected as leader (kafka.server.ZookeeperLeaderElector)
[2015-04-30 16:11:11,423] INFO [ExpirationReaper-0], Starting  (kafka.server.DelayedOperationPurgatory$ExpiredOperationReaper)
[2015-04-30 16:11:11,425] INFO [ExpirationReaper-0], Starting  (kafka.server.DelayedOperationPurgatory$ExpiredOperationReaper)
[2015-04-30 16:11:11,426] INFO [ExpirationReaper-0], Starting  (kafka.server.DelayedOperationPurgatory$ExpiredOperationReaper)
[2015-04-30 16:11:11,461] INFO Will not load MX4J, mx4j-tools.jar is not in the classpath (kafka.utils.Mx4jLoader$)
[2015-04-30 16:11:11,496] INFO Registered broker 0 at path /brokers/ids/0 with address airbears2-10-142-32-103.airbears2.1918.berkeley.edu:9092. (kafka.utils.ZkUtils$)
[2015-04-30 16:11:11,529] INFO [Kafka Server 0], started (kafka.server.KafkaServer)
[2015-04-30 16:11:11,604] INFO New leader is 0 (kafka.server.ZookeeperLeaderElector$LeaderChangeListener)
[2015-04-30 16:11:36,942] INFO [ReplicaFetcherManager on broker 0] Removed fetcher for partitions [test,0] (kafka.server.ReplicaFetcherManager)
[2015-04-30 16:11:36,987] INFO Completed load of log test-0 with log end offset 0 (kafka.log.Log)
[2015-04-30 16:11:36,991] INFO Created log for partition [test,0] in /tmp/kafka-logs with properties {segment.index.bytes -> 10485760, file.delete.delay.ms -> 60000, segment.bytes -> 1073741824, flush.ms -> 9223372036854775807, delete.retention.ms -> 86400000, index.interval.bytes -> 4096, retention.bytes -> -1, min.insync.replicas -> 1, cleanup.policy -> delete, unclean.leader.election.enable -> true, segment.ms -> 604800000, max.message.bytes -> 1000012, flush.messages -> 9223372036854775807, compression.type -> producer, min.cleanable.dirty.ratio -> 0.5, retention.ms -> 604800000, segment.jitter.ms -> 0}. (kafka.log.LogManager)
[2015-04-30 16:11:36,992] INFO Partition [test,0] on broker 0: No checkpointed highwatermark is found for partition [test,0] (kafka.cluster.Partition)
[2015-04-30 16:12:31,625] INFO Closing socket connection to /10.142.32.103. (kafka.network.Processor)
[2015-04-30 16:12:43,764] INFO Closing socket connection to /127.0.0.1. (kafka.network.Processor)
[2015-04-30 16:12:43,840] INFO Closing socket connection to /10.142.32.103. (kafka.network.Processor)
[2015-04-30 16:12:45,725] INFO Closing socket connection to /127.0.0.1. (kafka.network.Processor)
[2015-04-30 16:12:45,764] INFO Closing socket connection to /10.142.32.103. (kafka.network.Processor)
[2015-04-30 16:19:28,568] INFO Closing socket connection to /127.0.0.1. (kafka.network.Processor)
[2015-04-30 16:19:28,609] INFO Closing socket connection to /10.142.32.103. (kafka.network.Processor)
[2015-04-30 16:19:30,474] INFO Closing socket connection to /127.0.0.1. (kafka.network.Processor)
[2015-04-30 16:19:30,516] INFO Closing socket connection to /10.142.32.103. (kafka.network.Processor)
[2015-04-30 16:19:43,914] INFO Closing socket connection to /10.142.32.103. (kafka.network.Processor)
[2015-04-30 16:19:46,554] INFO Closing socket connection to /10.142.32.103. (kafka.network.Processor)
[2015-04-30 16:19:49,658] INFO Closing socket connection to /127.0.0.1. (kafka.network.Processor)
[2015-04-30 16:19:49,696] INFO Closing socket connection to /10.142.32.103. (kafka.network.Processor)
[2015-04-30 16:19:51,568] INFO Closing socket connection to /127.0.0.1. (kafka.network.Processor)
[2015-04-30 16:19:51,609] INFO Closing socket connection to /10.142.32.103. (kafka.network.Processor)
[2015-04-30 16:27:16,119] INFO Closing socket connection to /10.142.32.103. (kafka.network.Processor)
[2015-04-30 16:27:16,151] INFO Closing socket connection to /10.142.32.103. (kafka.network.Processor)
[2015-04-30 16:27:16,257] INFO Closing socket connection to /10.142.32.103. (kafka.network.Processor)
[2015-04-30 16:27:16,300] INFO Closing socket connection to /10.142.32.103. (kafka.network.Processor)
[2015-04-30 16:27:16,408] INFO Closing socket connection to /10.142.32.103. (kafka.network.Processor)
[2015-04-30 16:27:16,437] INFO Closing socket connection to /10.142.32.103. (kafka.network.Processor)
[2015-04-30 16:27:23,425] INFO Closing socket connection to /10.142.32.103. (kafka.network.Processor)
[2015-04-30 16:30:20,600] INFO Closing socket connection to /10.142.32.103. (kafka.network.Processor)
[2015-04-30 16:30:25,271] INFO Closing socket connection to /127.0.0.1. (kafka.network.Processor)
[2015-04-30 16:30:25,309] INFO Closing socket connection to /10.142.32.103. (kafka.network.Processor)
[2015-04-30 16:30:27,189] INFO Closing socket connection to /127.0.0.1. (kafka.network.Processor)
[2015-04-30 16:30:27,228] INFO Closing socket connection to /10.142.32.103. (kafka.network.Processor)
