[2015-04-30 17:01:48,490] DEBUG preRegister called. Server=com.sun.jmx.mbeanserver.JmxMBeanServer@365aad2a, name=log4j:logger=state.change.logger (state.change.logger)
[2015-04-30 17:01:55,979] TRACE Controller 0 epoch 3 started leader election for partition [test,0] (state.change.logger)
[2015-04-30 17:01:56,011] ERROR Controller 0 epoch 3 initiated state change for partition [test,0] from OfflinePartition to OnlinePartition failed (state.change.logger)
kafka.common.NoReplicaOnlineException: No replica for partition [test,0] is alive. Live brokers are: [Set()], Assigned replicas are: [List(0)]
	at kafka.controller.OfflinePartitionLeaderSelector.selectLeader(PartitionLeaderSelector.scala:75)
	at kafka.controller.PartitionStateMachine.electLeaderForPartition(PartitionStateMachine.scala:357)
	at kafka.controller.PartitionStateMachine.kafka$controller$PartitionStateMachine$$handleStateChange(PartitionStateMachine.scala:206)
	at kafka.controller.PartitionStateMachine$$anonfun$triggerOnlinePartitionStateChange$3.apply(PartitionStateMachine.scala:120)
	at kafka.controller.PartitionStateMachine$$anonfun$triggerOnlinePartitionStateChange$3.apply(PartitionStateMachine.scala:117)
	at scala.collection.TraversableLike$WithFilter$$anonfun$foreach$1.apply(TraversableLike.scala:772)
	at scala.collection.mutable.HashMap$$anonfun$foreach$1.apply(HashMap.scala:98)
	at scala.collection.mutable.HashMap$$anonfun$foreach$1.apply(HashMap.scala:98)
	at scala.collection.mutable.HashTable$class.foreachEntry(HashTable.scala:226)
	at scala.collection.mutable.HashMap.foreachEntry(HashMap.scala:39)
	at scala.collection.mutable.HashMap.foreach(HashMap.scala:98)
	at scala.collection.TraversableLike$WithFilter.foreach(TraversableLike.scala:771)
	at kafka.controller.PartitionStateMachine.triggerOnlinePartitionStateChange(PartitionStateMachine.scala:117)
	at kafka.controller.PartitionStateMachine.startup(PartitionStateMachine.scala:70)
	at kafka.controller.KafkaController.onControllerFailover(KafkaController.scala:314)
	at kafka.controller.KafkaController$$anonfun$1.apply$mcV$sp(KafkaController.scala:161)
	at kafka.server.ZookeeperLeaderElector.elect(ZookeeperLeaderElector.scala:81)
	at kafka.server.ZookeeperLeaderElector$$anonfun$startup$1.apply$mcZ$sp(ZookeeperLeaderElector.scala:49)
	at kafka.server.ZookeeperLeaderElector$$anonfun$startup$1.apply(ZookeeperLeaderElector.scala:47)
	at kafka.server.ZookeeperLeaderElector$$anonfun$startup$1.apply(ZookeeperLeaderElector.scala:47)
	at kafka.utils.Utils$.inLock(Utils.scala:566)
	at kafka.server.ZookeeperLeaderElector.startup(ZookeeperLeaderElector.scala:47)
	at kafka.controller.KafkaController$$anonfun$startup$1.apply$mcV$sp(KafkaController.scala:652)
	at kafka.controller.KafkaController$$anonfun$startup$1.apply(KafkaController.scala:648)
	at kafka.controller.KafkaController$$anonfun$startup$1.apply(KafkaController.scala:648)
	at kafka.utils.Utils$.inLock(Utils.scala:566)
	at kafka.controller.KafkaController.startup(KafkaController.scala:648)
	at kafka.server.KafkaServer.startup(KafkaServer.scala:141)
	at kafka.server.KafkaServerStartable.startup(KafkaServerStartable.scala:29)
	at kafka.Kafka$.main(Kafka.scala:66)
	at kafka.Kafka.main(Kafka.scala)
[2015-04-30 17:01:56,137] TRACE Controller 0 epoch 3 sending UpdateMetadata request (Leader:0,ISR:0,LeaderEpoch:1,ControllerEpoch:2) with correlationId 3 to broker 0 for partition [test,0] (state.change.logger)
[2015-04-30 17:01:56,148] TRACE Controller 0 epoch 3 changed state of replica 0 for partition [test,0] from ReplicaDeletionIneligible to OnlineReplica (state.change.logger)
[2015-04-30 17:01:56,151] TRACE Controller 0 epoch 3 sending become-leader LeaderAndIsr request (Leader:0,ISR:0,LeaderEpoch:1,ControllerEpoch:2) with correlationId 4 to broker 0 for partition [test,0] (state.change.logger)
[2015-04-30 17:01:56,151] TRACE Controller 0 epoch 3 sending UpdateMetadata request (Leader:0,ISR:0,LeaderEpoch:1,ControllerEpoch:2) with correlationId 4 to broker 0 for partition [test,0] (state.change.logger)
[2015-04-30 17:01:56,152] TRACE Controller 0 epoch 3 started leader election for partition [test,0] (state.change.logger)
[2015-04-30 17:01:56,159] TRACE Broker 0 cached leader info (LeaderAndIsrInfo:(Leader:0,ISR:0,LeaderEpoch:1,ControllerEpoch:2),ReplicationFactor:1),AllReplicas:0) for partition [test,0] in response to UpdateMetadata request sent by controller 0 epoch 3 with correlation id 3 (state.change.logger)
[2015-04-30 17:01:56,169] TRACE Controller 0 epoch 3 elected leader 0 for Offline partition [test,0] (state.change.logger)
[2015-04-30 17:01:56,171] TRACE Controller 0 epoch 3 changed partition [test,0] from OfflinePartition to OnlinePartition with leader 0 (state.change.logger)
[2015-04-30 17:01:56,171] TRACE Controller 0 epoch 3 sending become-leader LeaderAndIsr request (Leader:0,ISR:0,LeaderEpoch:2,ControllerEpoch:3) with correlationId 5 to broker 0 for partition [test,0] (state.change.logger)
[2015-04-30 17:01:56,173] TRACE Controller 0 epoch 3 sending UpdateMetadata request (Leader:0,ISR:0,LeaderEpoch:2,ControllerEpoch:3) with correlationId 5 to broker 0 for partition [test,0] (state.change.logger)
[2015-04-30 17:01:56,173] TRACE Controller 0 epoch 3 received response UpdateMetadataResponse(3,0) for a request sent to broker id:0,host:airbears2-10-142-32-103.airbears2.1918.berkeley.edu,port:9092 (state.change.logger)
[2015-04-30 17:01:56,219] TRACE Broker 0 received LeaderAndIsr request (LeaderAndIsrInfo:(Leader:0,ISR:0,LeaderEpoch:1,ControllerEpoch:2),ReplicationFactor:1),AllReplicas:0) correlation id 4 from controller 0 epoch 3 for partition [test,0] (state.change.logger)
[2015-04-30 17:01:56,224] TRACE Broker 0 handling LeaderAndIsr request correlationId 4 from controller 0 epoch 3 starting the become-leader transition for partition [test,0] (state.change.logger)
[2015-04-30 17:01:56,228] TRACE Broker 0 stopped fetchers as part of become-leader request from controller 0 epoch 3 with correlation id 4 for partition [test,0] (state.change.logger)
[2015-04-30 17:01:56,246] TRACE Broker 0 completed LeaderAndIsr request correlationId 4 from controller 0 epoch 3 for the become-leader transition for partition [test,0] (state.change.logger)
[2015-04-30 17:01:56,251] TRACE Controller 0 epoch 3 received response LeaderAndIsrResponse(4,Map((test,0) -> 0),0) for a request sent to broker id:0,host:airbears2-10-142-32-103.airbears2.1918.berkeley.edu,port:9092 (state.change.logger)
[2015-04-30 17:01:56,252] TRACE Broker 0 cached leader info (LeaderAndIsrInfo:(Leader:0,ISR:0,LeaderEpoch:1,ControllerEpoch:2),ReplicationFactor:1),AllReplicas:0) for partition [test,0] in response to UpdateMetadata request sent by controller 0 epoch 3 with correlation id 4 (state.change.logger)
[2015-04-30 17:01:56,253] TRACE Controller 0 epoch 3 received response UpdateMetadataResponse(4,0) for a request sent to broker id:0,host:airbears2-10-142-32-103.airbears2.1918.berkeley.edu,port:9092 (state.change.logger)
[2015-04-30 17:01:56,254] TRACE Broker 0 received LeaderAndIsr request (LeaderAndIsrInfo:(Leader:0,ISR:0,LeaderEpoch:2,ControllerEpoch:3),ReplicationFactor:1),AllReplicas:0) correlation id 5 from controller 0 epoch 3 for partition [test,0] (state.change.logger)
[2015-04-30 17:01:56,254] TRACE Broker 0 handling LeaderAndIsr request correlationId 5 from controller 0 epoch 3 starting the become-leader transition for partition [test,0] (state.change.logger)
[2015-04-30 17:01:56,254] TRACE Broker 0 stopped fetchers as part of become-leader request from controller 0 epoch 3 with correlation id 5 for partition [test,0] (state.change.logger)
[2015-04-30 17:01:56,255] TRACE Broker 0 completed LeaderAndIsr request correlationId 5 from controller 0 epoch 3 for the become-leader transition for partition [test,0] (state.change.logger)
[2015-04-30 17:01:56,256] TRACE Controller 0 epoch 3 received response LeaderAndIsrResponse(5,Map((test,0) -> 0),0) for a request sent to broker id:0,host:airbears2-10-142-32-103.airbears2.1918.berkeley.edu,port:9092 (state.change.logger)
[2015-04-30 17:01:56,256] TRACE Broker 0 cached leader info (LeaderAndIsrInfo:(Leader:0,ISR:0,LeaderEpoch:2,ControllerEpoch:3),ReplicationFactor:1),AllReplicas:0) for partition [test,0] in response to UpdateMetadata request sent by controller 0 epoch 3 with correlation id 5 (state.change.logger)
[2015-04-30 17:01:56,257] TRACE Controller 0 epoch 3 received response UpdateMetadataResponse(5,0) for a request sent to broker id:0,host:airbears2-10-142-32-103.airbears2.1918.berkeley.edu,port:9092 (state.change.logger)
[2015-04-30 17:03:17,828] DEBUG preRegister called. Server=com.sun.jmx.mbeanserver.JmxMBeanServer@7b1ebc46, name=log4j:logger=state.change.logger (state.change.logger)
[2015-04-30 17:03:24,236] TRACE Controller 0 epoch 4 started leader election for partition [test,0] (state.change.logger)
[2015-04-30 17:03:24,271] ERROR Controller 0 epoch 4 initiated state change for partition [test,0] from OfflinePartition to OnlinePartition failed (state.change.logger)
kafka.common.NoReplicaOnlineException: No replica for partition [test,0] is alive. Live brokers are: [Set()], Assigned replicas are: [List(0)]
	at kafka.controller.OfflinePartitionLeaderSelector.selectLeader(PartitionLeaderSelector.scala:75)
	at kafka.controller.PartitionStateMachine.electLeaderForPartition(PartitionStateMachine.scala:357)
	at kafka.controller.PartitionStateMachine.kafka$controller$PartitionStateMachine$$handleStateChange(PartitionStateMachine.scala:206)
	at kafka.controller.PartitionStateMachine$$anonfun$triggerOnlinePartitionStateChange$3.apply(PartitionStateMachine.scala:120)
	at kafka.controller.PartitionStateMachine$$anonfun$triggerOnlinePartitionStateChange$3.apply(PartitionStateMachine.scala:117)
	at scala.collection.TraversableLike$WithFilter$$anonfun$foreach$1.apply(TraversableLike.scala:772)
	at scala.collection.mutable.HashMap$$anonfun$foreach$1.apply(HashMap.scala:98)
	at scala.collection.mutable.HashMap$$anonfun$foreach$1.apply(HashMap.scala:98)
	at scala.collection.mutable.HashTable$class.foreachEntry(HashTable.scala:226)
	at scala.collection.mutable.HashMap.foreachEntry(HashMap.scala:39)
	at scala.collection.mutable.HashMap.foreach(HashMap.scala:98)
	at scala.collection.TraversableLike$WithFilter.foreach(TraversableLike.scala:771)
	at kafka.controller.PartitionStateMachine.triggerOnlinePartitionStateChange(PartitionStateMachine.scala:117)
	at kafka.controller.PartitionStateMachine.startup(PartitionStateMachine.scala:70)
	at kafka.controller.KafkaController.onControllerFailover(KafkaController.scala:314)
	at kafka.controller.KafkaController$$anonfun$1.apply$mcV$sp(KafkaController.scala:161)
	at kafka.server.ZookeeperLeaderElector.elect(ZookeeperLeaderElector.scala:81)
	at kafka.server.ZookeeperLeaderElector$$anonfun$startup$1.apply$mcZ$sp(ZookeeperLeaderElector.scala:49)
	at kafka.server.ZookeeperLeaderElector$$anonfun$startup$1.apply(ZookeeperLeaderElector.scala:47)
	at kafka.server.ZookeeperLeaderElector$$anonfun$startup$1.apply(ZookeeperLeaderElector.scala:47)
	at kafka.utils.Utils$.inLock(Utils.scala:566)
	at kafka.server.ZookeeperLeaderElector.startup(ZookeeperLeaderElector.scala:47)
	at kafka.controller.KafkaController$$anonfun$startup$1.apply$mcV$sp(KafkaController.scala:652)
	at kafka.controller.KafkaController$$anonfun$startup$1.apply(KafkaController.scala:648)
	at kafka.controller.KafkaController$$anonfun$startup$1.apply(KafkaController.scala:648)
	at kafka.utils.Utils$.inLock(Utils.scala:566)
	at kafka.controller.KafkaController.startup(KafkaController.scala:648)
	at kafka.server.KafkaServer.startup(KafkaServer.scala:141)
	at kafka.server.KafkaServerStartable.startup(KafkaServerStartable.scala:29)
	at kafka.Kafka$.main(Kafka.scala:66)
	at kafka.Kafka.main(Kafka.scala)
[2015-04-30 17:03:24,395] TRACE Controller 0 epoch 4 sending UpdateMetadata request (Leader:0,ISR:0,LeaderEpoch:2,ControllerEpoch:3) with correlationId 3 to broker 0 for partition [test,0] (state.change.logger)
[2015-04-30 17:03:24,408] TRACE Controller 0 epoch 4 changed state of replica 0 for partition [test,0] from ReplicaDeletionIneligible to OnlineReplica (state.change.logger)
[2015-04-30 17:03:24,410] TRACE Controller 0 epoch 4 sending become-leader LeaderAndIsr request (Leader:0,ISR:0,LeaderEpoch:2,ControllerEpoch:3) with correlationId 4 to broker 0 for partition [test,0] (state.change.logger)
[2015-04-30 17:03:24,411] TRACE Controller 0 epoch 4 sending UpdateMetadata request (Leader:0,ISR:0,LeaderEpoch:2,ControllerEpoch:3) with correlationId 4 to broker 0 for partition [test,0] (state.change.logger)
[2015-04-30 17:03:24,411] TRACE Controller 0 epoch 4 started leader election for partition [test,0] (state.change.logger)
[2015-04-30 17:03:24,419] TRACE Broker 0 cached leader info (LeaderAndIsrInfo:(Leader:0,ISR:0,LeaderEpoch:2,ControllerEpoch:3),ReplicationFactor:1),AllReplicas:0) for partition [test,0] in response to UpdateMetadata request sent by controller 0 epoch 4 with correlation id 3 (state.change.logger)
[2015-04-30 17:03:24,428] TRACE Controller 0 epoch 4 elected leader 0 for Offline partition [test,0] (state.change.logger)
[2015-04-30 17:03:24,430] TRACE Controller 0 epoch 4 changed partition [test,0] from OfflinePartition to OnlinePartition with leader 0 (state.change.logger)
[2015-04-30 17:03:24,430] TRACE Controller 0 epoch 4 sending become-leader LeaderAndIsr request (Leader:0,ISR:0,LeaderEpoch:3,ControllerEpoch:4) with correlationId 5 to broker 0 for partition [test,0] (state.change.logger)
[2015-04-30 17:03:24,430] TRACE Controller 0 epoch 4 sending UpdateMetadata request (Leader:0,ISR:0,LeaderEpoch:3,ControllerEpoch:4) with correlationId 5 to broker 0 for partition [test,0] (state.change.logger)
[2015-04-30 17:03:24,432] TRACE Controller 0 epoch 4 received response UpdateMetadataResponse(3,0) for a request sent to broker id:0,host:airbears2-10-142-32-103.airbears2.1918.berkeley.edu,port:9092 (state.change.logger)
[2015-04-30 17:03:24,476] TRACE Broker 0 received LeaderAndIsr request (LeaderAndIsrInfo:(Leader:0,ISR:0,LeaderEpoch:2,ControllerEpoch:3),ReplicationFactor:1),AllReplicas:0) correlation id 4 from controller 0 epoch 4 for partition [test,0] (state.change.logger)
[2015-04-30 17:03:24,481] TRACE Broker 0 handling LeaderAndIsr request correlationId 4 from controller 0 epoch 4 starting the become-leader transition for partition [test,0] (state.change.logger)
[2015-04-30 17:03:24,484] TRACE Broker 0 stopped fetchers as part of become-leader request from controller 0 epoch 4 with correlation id 4 for partition [test,0] (state.change.logger)
[2015-04-30 17:03:24,501] TRACE Broker 0 completed LeaderAndIsr request correlationId 4 from controller 0 epoch 4 for the become-leader transition for partition [test,0] (state.change.logger)
[2015-04-30 17:03:24,507] TRACE Controller 0 epoch 4 received response LeaderAndIsrResponse(4,Map((test,0) -> 0),0) for a request sent to broker id:0,host:airbears2-10-142-32-103.airbears2.1918.berkeley.edu,port:9092 (state.change.logger)
[2015-04-30 17:03:24,508] TRACE Broker 0 cached leader info (LeaderAndIsrInfo:(Leader:0,ISR:0,LeaderEpoch:2,ControllerEpoch:3),ReplicationFactor:1),AllReplicas:0) for partition [test,0] in response to UpdateMetadata request sent by controller 0 epoch 4 with correlation id 4 (state.change.logger)
[2015-04-30 17:03:24,509] TRACE Controller 0 epoch 4 received response UpdateMetadataResponse(4,0) for a request sent to broker id:0,host:airbears2-10-142-32-103.airbears2.1918.berkeley.edu,port:9092 (state.change.logger)
[2015-04-30 17:03:24,510] TRACE Broker 0 received LeaderAndIsr request (LeaderAndIsrInfo:(Leader:0,ISR:0,LeaderEpoch:3,ControllerEpoch:4),ReplicationFactor:1),AllReplicas:0) correlation id 5 from controller 0 epoch 4 for partition [test,0] (state.change.logger)
[2015-04-30 17:03:24,510] TRACE Broker 0 handling LeaderAndIsr request correlationId 5 from controller 0 epoch 4 starting the become-leader transition for partition [test,0] (state.change.logger)
[2015-04-30 17:03:24,510] TRACE Broker 0 stopped fetchers as part of become-leader request from controller 0 epoch 4 with correlation id 5 for partition [test,0] (state.change.logger)
[2015-04-30 17:03:24,511] TRACE Broker 0 completed LeaderAndIsr request correlationId 5 from controller 0 epoch 4 for the become-leader transition for partition [test,0] (state.change.logger)
[2015-04-30 17:03:24,512] TRACE Controller 0 epoch 4 received response LeaderAndIsrResponse(5,Map((test,0) -> 0),0) for a request sent to broker id:0,host:airbears2-10-142-32-103.airbears2.1918.berkeley.edu,port:9092 (state.change.logger)
[2015-04-30 17:03:24,512] TRACE Broker 0 cached leader info (LeaderAndIsrInfo:(Leader:0,ISR:0,LeaderEpoch:3,ControllerEpoch:4),ReplicationFactor:1),AllReplicas:0) for partition [test,0] in response to UpdateMetadata request sent by controller 0 epoch 4 with correlation id 5 (state.change.logger)
[2015-04-30 17:03:24,513] TRACE Controller 0 epoch 4 received response UpdateMetadataResponse(5,0) for a request sent to broker id:0,host:airbears2-10-142-32-103.airbears2.1918.berkeley.edu,port:9092 (state.change.logger)
[2015-04-30 17:04:56,834] DEBUG preRegister called. Server=com.sun.jmx.mbeanserver.JmxMBeanServer@365aad2a, name=log4j:logger=state.change.logger (state.change.logger)
[2015-04-30 17:05:00,047] TRACE Controller 0 epoch 5 started leader election for partition [test,0] (state.change.logger)
[2015-04-30 17:05:00,082] ERROR Controller 0 epoch 5 initiated state change for partition [test,0] from OfflinePartition to OnlinePartition failed (state.change.logger)
kafka.common.NoReplicaOnlineException: No replica for partition [test,0] is alive. Live brokers are: [Set()], Assigned replicas are: [List(0)]
	at kafka.controller.OfflinePartitionLeaderSelector.selectLeader(PartitionLeaderSelector.scala:75)
	at kafka.controller.PartitionStateMachine.electLeaderForPartition(PartitionStateMachine.scala:357)
	at kafka.controller.PartitionStateMachine.kafka$controller$PartitionStateMachine$$handleStateChange(PartitionStateMachine.scala:206)
	at kafka.controller.PartitionStateMachine$$anonfun$triggerOnlinePartitionStateChange$3.apply(PartitionStateMachine.scala:120)
	at kafka.controller.PartitionStateMachine$$anonfun$triggerOnlinePartitionStateChange$3.apply(PartitionStateMachine.scala:117)
	at scala.collection.TraversableLike$WithFilter$$anonfun$foreach$1.apply(TraversableLike.scala:772)
	at scala.collection.mutable.HashMap$$anonfun$foreach$1.apply(HashMap.scala:98)
	at scala.collection.mutable.HashMap$$anonfun$foreach$1.apply(HashMap.scala:98)
	at scala.collection.mutable.HashTable$class.foreachEntry(HashTable.scala:226)
	at scala.collection.mutable.HashMap.foreachEntry(HashMap.scala:39)
	at scala.collection.mutable.HashMap.foreach(HashMap.scala:98)
	at scala.collection.TraversableLike$WithFilter.foreach(TraversableLike.scala:771)
	at kafka.controller.PartitionStateMachine.triggerOnlinePartitionStateChange(PartitionStateMachine.scala:117)
	at kafka.controller.PartitionStateMachine.startup(PartitionStateMachine.scala:70)
	at kafka.controller.KafkaController.onControllerFailover(KafkaController.scala:314)
	at kafka.controller.KafkaController$$anonfun$1.apply$mcV$sp(KafkaController.scala:161)
	at kafka.server.ZookeeperLeaderElector.elect(ZookeeperLeaderElector.scala:81)
	at kafka.server.ZookeeperLeaderElector$$anonfun$startup$1.apply$mcZ$sp(ZookeeperLeaderElector.scala:49)
	at kafka.server.ZookeeperLeaderElector$$anonfun$startup$1.apply(ZookeeperLeaderElector.scala:47)
	at kafka.server.ZookeeperLeaderElector$$anonfun$startup$1.apply(ZookeeperLeaderElector.scala:47)
	at kafka.utils.Utils$.inLock(Utils.scala:566)
	at kafka.server.ZookeeperLeaderElector.startup(ZookeeperLeaderElector.scala:47)
	at kafka.controller.KafkaController$$anonfun$startup$1.apply$mcV$sp(KafkaController.scala:652)
	at kafka.controller.KafkaController$$anonfun$startup$1.apply(KafkaController.scala:648)
	at kafka.controller.KafkaController$$anonfun$startup$1.apply(KafkaController.scala:648)
	at kafka.utils.Utils$.inLock(Utils.scala:566)
	at kafka.controller.KafkaController.startup(KafkaController.scala:648)
	at kafka.server.KafkaServer.startup(KafkaServer.scala:141)
	at kafka.server.KafkaServerStartable.startup(KafkaServerStartable.scala:29)
	at kafka.Kafka$.main(Kafka.scala:66)
	at kafka.Kafka.main(Kafka.scala)
[2015-04-30 17:05:00,205] TRACE Controller 0 epoch 5 sending UpdateMetadata request (Leader:0,ISR:0,LeaderEpoch:3,ControllerEpoch:4) with correlationId 3 to broker 0 for partition [test,0] (state.change.logger)
[2015-04-30 17:05:00,216] TRACE Controller 0 epoch 5 changed state of replica 0 for partition [test,0] from ReplicaDeletionIneligible to OnlineReplica (state.change.logger)
[2015-04-30 17:05:00,219] TRACE Controller 0 epoch 5 sending become-leader LeaderAndIsr request (Leader:0,ISR:0,LeaderEpoch:3,ControllerEpoch:4) with correlationId 4 to broker 0 for partition [test,0] (state.change.logger)
[2015-04-30 17:05:00,219] TRACE Controller 0 epoch 5 sending UpdateMetadata request (Leader:0,ISR:0,LeaderEpoch:3,ControllerEpoch:4) with correlationId 4 to broker 0 for partition [test,0] (state.change.logger)
[2015-04-30 17:05:00,220] TRACE Controller 0 epoch 5 started leader election for partition [test,0] (state.change.logger)
[2015-04-30 17:05:00,230] TRACE Broker 0 cached leader info (LeaderAndIsrInfo:(Leader:0,ISR:0,LeaderEpoch:3,ControllerEpoch:4),ReplicationFactor:1),AllReplicas:0) for partition [test,0] in response to UpdateMetadata request sent by controller 0 epoch 5 with correlation id 3 (state.change.logger)
[2015-04-30 17:05:00,244] TRACE Controller 0 epoch 5 elected leader 0 for Offline partition [test,0] (state.change.logger)
[2015-04-30 17:05:00,246] TRACE Controller 0 epoch 5 changed partition [test,0] from OfflinePartition to OnlinePartition with leader 0 (state.change.logger)
[2015-04-30 17:05:00,246] TRACE Controller 0 epoch 5 sending become-leader LeaderAndIsr request (Leader:0,ISR:0,LeaderEpoch:4,ControllerEpoch:5) with correlationId 5 to broker 0 for partition [test,0] (state.change.logger)
[2015-04-30 17:05:00,246] TRACE Controller 0 epoch 5 received response UpdateMetadataResponse(3,0) for a request sent to broker id:0,host:airbears2-10-142-32-103.airbears2.1918.berkeley.edu,port:9092 (state.change.logger)
[2015-04-30 17:05:00,246] TRACE Controller 0 epoch 5 sending UpdateMetadata request (Leader:0,ISR:0,LeaderEpoch:4,ControllerEpoch:5) with correlationId 5 to broker 0 for partition [test,0] (state.change.logger)
[2015-04-30 17:05:00,299] TRACE Broker 0 received LeaderAndIsr request (LeaderAndIsrInfo:(Leader:0,ISR:0,LeaderEpoch:3,ControllerEpoch:4),ReplicationFactor:1),AllReplicas:0) correlation id 4 from controller 0 epoch 5 for partition [test,0] (state.change.logger)
[2015-04-30 17:05:00,305] TRACE Broker 0 handling LeaderAndIsr request correlationId 4 from controller 0 epoch 5 starting the become-leader transition for partition [test,0] (state.change.logger)
[2015-04-30 17:05:00,308] TRACE Broker 0 stopped fetchers as part of become-leader request from controller 0 epoch 5 with correlation id 4 for partition [test,0] (state.change.logger)
[2015-04-30 17:05:00,328] TRACE Broker 0 completed LeaderAndIsr request correlationId 4 from controller 0 epoch 5 for the become-leader transition for partition [test,0] (state.change.logger)
[2015-04-30 17:05:00,332] TRACE Controller 0 epoch 5 received response LeaderAndIsrResponse(4,Map((test,0) -> 0),0) for a request sent to broker id:0,host:airbears2-10-142-32-103.airbears2.1918.berkeley.edu,port:9092 (state.change.logger)
[2015-04-30 17:05:00,333] TRACE Broker 0 cached leader info (LeaderAndIsrInfo:(Leader:0,ISR:0,LeaderEpoch:3,ControllerEpoch:4),ReplicationFactor:1),AllReplicas:0) for partition [test,0] in response to UpdateMetadata request sent by controller 0 epoch 5 with correlation id 4 (state.change.logger)
[2015-04-30 17:05:00,334] TRACE Controller 0 epoch 5 received response UpdateMetadataResponse(4,0) for a request sent to broker id:0,host:airbears2-10-142-32-103.airbears2.1918.berkeley.edu,port:9092 (state.change.logger)
[2015-04-30 17:05:00,336] TRACE Broker 0 received LeaderAndIsr request (LeaderAndIsrInfo:(Leader:0,ISR:0,LeaderEpoch:4,ControllerEpoch:5),ReplicationFactor:1),AllReplicas:0) correlation id 5 from controller 0 epoch 5 for partition [test,0] (state.change.logger)
[2015-04-30 17:05:00,336] TRACE Broker 0 handling LeaderAndIsr request correlationId 5 from controller 0 epoch 5 starting the become-leader transition for partition [test,0] (state.change.logger)
[2015-04-30 17:05:00,337] TRACE Broker 0 stopped fetchers as part of become-leader request from controller 0 epoch 5 with correlation id 5 for partition [test,0] (state.change.logger)
[2015-04-30 17:05:00,338] TRACE Broker 0 completed LeaderAndIsr request correlationId 5 from controller 0 epoch 5 for the become-leader transition for partition [test,0] (state.change.logger)
[2015-04-30 17:05:00,339] TRACE Controller 0 epoch 5 received response LeaderAndIsrResponse(5,Map((test,0) -> 0),0) for a request sent to broker id:0,host:airbears2-10-142-32-103.airbears2.1918.berkeley.edu,port:9092 (state.change.logger)
[2015-04-30 17:05:00,340] TRACE Broker 0 cached leader info (LeaderAndIsrInfo:(Leader:0,ISR:0,LeaderEpoch:4,ControllerEpoch:5),ReplicationFactor:1),AllReplicas:0) for partition [test,0] in response to UpdateMetadata request sent by controller 0 epoch 5 with correlation id 5 (state.change.logger)
[2015-04-30 17:05:00,340] TRACE Controller 0 epoch 5 received response UpdateMetadataResponse(5,0) for a request sent to broker id:0,host:airbears2-10-142-32-103.airbears2.1918.berkeley.edu,port:9092 (state.change.logger)
[2015-04-30 17:21:05,858] DEBUG preRegister called. Server=com.sun.jmx.mbeanserver.JmxMBeanServer@7b1ebc46, name=log4j:logger=state.change.logger (state.change.logger)
[2015-04-30 17:21:08,983] TRACE Controller 0 epoch 6 started leader election for partition [test,0] (state.change.logger)
[2015-04-30 17:21:09,016] ERROR Controller 0 epoch 6 initiated state change for partition [test,0] from OfflinePartition to OnlinePartition failed (state.change.logger)
kafka.common.NoReplicaOnlineException: No replica for partition [test,0] is alive. Live brokers are: [Set()], Assigned replicas are: [List(0)]
	at kafka.controller.OfflinePartitionLeaderSelector.selectLeader(PartitionLeaderSelector.scala:75)
	at kafka.controller.PartitionStateMachine.electLeaderForPartition(PartitionStateMachine.scala:357)
	at kafka.controller.PartitionStateMachine.kafka$controller$PartitionStateMachine$$handleStateChange(PartitionStateMachine.scala:206)
	at kafka.controller.PartitionStateMachine$$anonfun$triggerOnlinePartitionStateChange$3.apply(PartitionStateMachine.scala:120)
	at kafka.controller.PartitionStateMachine$$anonfun$triggerOnlinePartitionStateChange$3.apply(PartitionStateMachine.scala:117)
	at scala.collection.TraversableLike$WithFilter$$anonfun$foreach$1.apply(TraversableLike.scala:772)
	at scala.collection.mutable.HashMap$$anonfun$foreach$1.apply(HashMap.scala:98)
	at scala.collection.mutable.HashMap$$anonfun$foreach$1.apply(HashMap.scala:98)
	at scala.collection.mutable.HashTable$class.foreachEntry(HashTable.scala:226)
	at scala.collection.mutable.HashMap.foreachEntry(HashMap.scala:39)
	at scala.collection.mutable.HashMap.foreach(HashMap.scala:98)
	at scala.collection.TraversableLike$WithFilter.foreach(TraversableLike.scala:771)
	at kafka.controller.PartitionStateMachine.triggerOnlinePartitionStateChange(PartitionStateMachine.scala:117)
	at kafka.controller.PartitionStateMachine.startup(PartitionStateMachine.scala:70)
	at kafka.controller.KafkaController.onControllerFailover(KafkaController.scala:314)
	at kafka.controller.KafkaController$$anonfun$1.apply$mcV$sp(KafkaController.scala:161)
	at kafka.server.ZookeeperLeaderElector.elect(ZookeeperLeaderElector.scala:81)
	at kafka.server.ZookeeperLeaderElector$$anonfun$startup$1.apply$mcZ$sp(ZookeeperLeaderElector.scala:49)
	at kafka.server.ZookeeperLeaderElector$$anonfun$startup$1.apply(ZookeeperLeaderElector.scala:47)
	at kafka.server.ZookeeperLeaderElector$$anonfun$startup$1.apply(ZookeeperLeaderElector.scala:47)
	at kafka.utils.Utils$.inLock(Utils.scala:566)
	at kafka.server.ZookeeperLeaderElector.startup(ZookeeperLeaderElector.scala:47)
	at kafka.controller.KafkaController$$anonfun$startup$1.apply$mcV$sp(KafkaController.scala:652)
	at kafka.controller.KafkaController$$anonfun$startup$1.apply(KafkaController.scala:648)
	at kafka.controller.KafkaController$$anonfun$startup$1.apply(KafkaController.scala:648)
	at kafka.utils.Utils$.inLock(Utils.scala:566)
	at kafka.controller.KafkaController.startup(KafkaController.scala:648)
	at kafka.server.KafkaServer.startup(KafkaServer.scala:141)
	at kafka.server.KafkaServerStartable.startup(KafkaServerStartable.scala:29)
	at kafka.Kafka$.main(Kafka.scala:66)
	at kafka.Kafka.main(Kafka.scala)
[2015-04-30 17:21:09,150] TRACE Controller 0 epoch 6 sending UpdateMetadata request (Leader:0,ISR:0,LeaderEpoch:4,ControllerEpoch:5) with correlationId 3 to broker 0 for partition [test,0] (state.change.logger)
[2015-04-30 17:21:09,162] TRACE Controller 0 epoch 6 changed state of replica 0 for partition [test,0] from ReplicaDeletionIneligible to OnlineReplica (state.change.logger)
[2015-04-30 17:21:09,165] TRACE Controller 0 epoch 6 sending become-leader LeaderAndIsr request (Leader:0,ISR:0,LeaderEpoch:4,ControllerEpoch:5) with correlationId 4 to broker 0 for partition [test,0] (state.change.logger)
[2015-04-30 17:21:09,165] TRACE Controller 0 epoch 6 sending UpdateMetadata request (Leader:0,ISR:0,LeaderEpoch:4,ControllerEpoch:5) with correlationId 4 to broker 0 for partition [test,0] (state.change.logger)
[2015-04-30 17:21:09,165] TRACE Controller 0 epoch 6 started leader election for partition [test,0] (state.change.logger)
[2015-04-30 17:21:09,175] TRACE Broker 0 cached leader info (LeaderAndIsrInfo:(Leader:0,ISR:0,LeaderEpoch:4,ControllerEpoch:5),ReplicationFactor:1),AllReplicas:0) for partition [test,0] in response to UpdateMetadata request sent by controller 0 epoch 6 with correlation id 3 (state.change.logger)
[2015-04-30 17:21:09,183] TRACE Controller 0 epoch 6 elected leader 0 for Offline partition [test,0] (state.change.logger)
[2015-04-30 17:21:09,185] TRACE Controller 0 epoch 6 changed partition [test,0] from OfflinePartition to OnlinePartition with leader 0 (state.change.logger)
[2015-04-30 17:21:09,185] TRACE Controller 0 epoch 6 sending become-leader LeaderAndIsr request (Leader:0,ISR:0,LeaderEpoch:5,ControllerEpoch:6) with correlationId 5 to broker 0 for partition [test,0] (state.change.logger)
[2015-04-30 17:21:09,185] TRACE Controller 0 epoch 6 sending UpdateMetadata request (Leader:0,ISR:0,LeaderEpoch:5,ControllerEpoch:6) with correlationId 5 to broker 0 for partition [test,0] (state.change.logger)
[2015-04-30 17:21:09,189] TRACE Controller 0 epoch 6 received response UpdateMetadataResponse(3,0) for a request sent to broker id:0,host:airbears2-10-142-32-103.airbears2.1918.berkeley.edu,port:9092 (state.change.logger)
[2015-04-30 17:21:09,237] TRACE Broker 0 received LeaderAndIsr request (LeaderAndIsrInfo:(Leader:0,ISR:0,LeaderEpoch:4,ControllerEpoch:5),ReplicationFactor:1),AllReplicas:0) correlation id 4 from controller 0 epoch 6 for partition [test,0] (state.change.logger)
[2015-04-30 17:21:09,243] TRACE Broker 0 handling LeaderAndIsr request correlationId 4 from controller 0 epoch 6 starting the become-leader transition for partition [test,0] (state.change.logger)
[2015-04-30 17:21:09,246] TRACE Broker 0 stopped fetchers as part of become-leader request from controller 0 epoch 6 with correlation id 4 for partition [test,0] (state.change.logger)
[2015-04-30 17:21:09,265] TRACE Broker 0 completed LeaderAndIsr request correlationId 4 from controller 0 epoch 6 for the become-leader transition for partition [test,0] (state.change.logger)
[2015-04-30 17:21:09,270] TRACE Controller 0 epoch 6 received response LeaderAndIsrResponse(4,Map((test,0) -> 0),0) for a request sent to broker id:0,host:airbears2-10-142-32-103.airbears2.1918.berkeley.edu,port:9092 (state.change.logger)
[2015-04-30 17:21:09,272] TRACE Broker 0 cached leader info (LeaderAndIsrInfo:(Leader:0,ISR:0,LeaderEpoch:4,ControllerEpoch:5),ReplicationFactor:1),AllReplicas:0) for partition [test,0] in response to UpdateMetadata request sent by controller 0 epoch 6 with correlation id 4 (state.change.logger)
[2015-04-30 17:21:09,272] TRACE Controller 0 epoch 6 received response UpdateMetadataResponse(4,0) for a request sent to broker id:0,host:airbears2-10-142-32-103.airbears2.1918.berkeley.edu,port:9092 (state.change.logger)
[2015-04-30 17:21:09,273] TRACE Broker 0 received LeaderAndIsr request (LeaderAndIsrInfo:(Leader:0,ISR:0,LeaderEpoch:5,ControllerEpoch:6),ReplicationFactor:1),AllReplicas:0) correlation id 5 from controller 0 epoch 6 for partition [test,0] (state.change.logger)
[2015-04-30 17:21:09,274] TRACE Broker 0 handling LeaderAndIsr request correlationId 5 from controller 0 epoch 6 starting the become-leader transition for partition [test,0] (state.change.logger)
[2015-04-30 17:21:09,274] TRACE Broker 0 stopped fetchers as part of become-leader request from controller 0 epoch 6 with correlation id 5 for partition [test,0] (state.change.logger)
[2015-04-30 17:21:09,274] TRACE Broker 0 completed LeaderAndIsr request correlationId 5 from controller 0 epoch 6 for the become-leader transition for partition [test,0] (state.change.logger)
[2015-04-30 17:21:09,275] TRACE Controller 0 epoch 6 received response LeaderAndIsrResponse(5,Map((test,0) -> 0),0) for a request sent to broker id:0,host:airbears2-10-142-32-103.airbears2.1918.berkeley.edu,port:9092 (state.change.logger)
[2015-04-30 17:21:09,276] TRACE Broker 0 cached leader info (LeaderAndIsrInfo:(Leader:0,ISR:0,LeaderEpoch:5,ControllerEpoch:6),ReplicationFactor:1),AllReplicas:0) for partition [test,0] in response to UpdateMetadata request sent by controller 0 epoch 6 with correlation id 5 (state.change.logger)
[2015-04-30 17:21:09,277] TRACE Controller 0 epoch 6 received response UpdateMetadataResponse(5,0) for a request sent to broker id:0,host:airbears2-10-142-32-103.airbears2.1918.berkeley.edu,port:9092 (state.change.logger)
[2015-04-30 19:13:46,218] DEBUG preRegister called. Server=com.sun.jmx.mbeanserver.JmxMBeanServer@1edad6d0, name=log4j:logger=state.change.logger (state.change.logger)
[2015-04-30 19:15:03,111] TRACE Controller 0 epoch 7 started leader election for partition [test,0] (state.change.logger)
[2015-04-30 19:15:03,144] ERROR Controller 0 epoch 7 initiated state change for partition [test,0] from OfflinePartition to OnlinePartition failed (state.change.logger)
kafka.common.NoReplicaOnlineException: No replica for partition [test,0] is alive. Live brokers are: [Set()], Assigned replicas are: [List(0)]
	at kafka.controller.OfflinePartitionLeaderSelector.selectLeader(PartitionLeaderSelector.scala:75)
	at kafka.controller.PartitionStateMachine.electLeaderForPartition(PartitionStateMachine.scala:357)
	at kafka.controller.PartitionStateMachine.kafka$controller$PartitionStateMachine$$handleStateChange(PartitionStateMachine.scala:206)
	at kafka.controller.PartitionStateMachine$$anonfun$triggerOnlinePartitionStateChange$3.apply(PartitionStateMachine.scala:120)
	at kafka.controller.PartitionStateMachine$$anonfun$triggerOnlinePartitionStateChange$3.apply(PartitionStateMachine.scala:117)
	at scala.collection.TraversableLike$WithFilter$$anonfun$foreach$1.apply(TraversableLike.scala:772)
	at scala.collection.mutable.HashMap$$anonfun$foreach$1.apply(HashMap.scala:98)
	at scala.collection.mutable.HashMap$$anonfun$foreach$1.apply(HashMap.scala:98)
	at scala.collection.mutable.HashTable$class.foreachEntry(HashTable.scala:226)
	at scala.collection.mutable.HashMap.foreachEntry(HashMap.scala:39)
	at scala.collection.mutable.HashMap.foreach(HashMap.scala:98)
	at scala.collection.TraversableLike$WithFilter.foreach(TraversableLike.scala:771)
	at kafka.controller.PartitionStateMachine.triggerOnlinePartitionStateChange(PartitionStateMachine.scala:117)
	at kafka.controller.PartitionStateMachine.startup(PartitionStateMachine.scala:70)
	at kafka.controller.KafkaController.onControllerFailover(KafkaController.scala:314)
	at kafka.controller.KafkaController$$anonfun$1.apply$mcV$sp(KafkaController.scala:161)
	at kafka.server.ZookeeperLeaderElector.elect(ZookeeperLeaderElector.scala:81)
	at kafka.server.ZookeeperLeaderElector$$anonfun$startup$1.apply$mcZ$sp(ZookeeperLeaderElector.scala:49)
	at kafka.server.ZookeeperLeaderElector$$anonfun$startup$1.apply(ZookeeperLeaderElector.scala:47)
	at kafka.server.ZookeeperLeaderElector$$anonfun$startup$1.apply(ZookeeperLeaderElector.scala:47)
	at kafka.utils.Utils$.inLock(Utils.scala:566)
	at kafka.server.ZookeeperLeaderElector.startup(ZookeeperLeaderElector.scala:47)
	at kafka.controller.KafkaController$$anonfun$startup$1.apply$mcV$sp(KafkaController.scala:652)
	at kafka.controller.KafkaController$$anonfun$startup$1.apply(KafkaController.scala:648)
	at kafka.controller.KafkaController$$anonfun$startup$1.apply(KafkaController.scala:648)
	at kafka.utils.Utils$.inLock(Utils.scala:566)
	at kafka.controller.KafkaController.startup(KafkaController.scala:648)
	at kafka.server.KafkaServer.startup(KafkaServer.scala:141)
	at kafka.server.KafkaServerStartable.startup(KafkaServerStartable.scala:29)
	at kafka.Kafka$.main(Kafka.scala:66)
	at kafka.Kafka.main(Kafka.scala)
[2015-04-30 19:15:03,272] TRACE Controller 0 epoch 7 sending UpdateMetadata request (Leader:0,ISR:0,LeaderEpoch:5,ControllerEpoch:6) with correlationId 3 to broker 0 for partition [test,0] (state.change.logger)
[2015-04-30 19:15:03,283] TRACE Controller 0 epoch 7 changed state of replica 0 for partition [test,0] from ReplicaDeletionIneligible to OnlineReplica (state.change.logger)
[2015-04-30 19:15:03,285] TRACE Controller 0 epoch 7 sending become-leader LeaderAndIsr request (Leader:0,ISR:0,LeaderEpoch:5,ControllerEpoch:6) with correlationId 4 to broker 0 for partition [test,0] (state.change.logger)
[2015-04-30 19:15:03,286] TRACE Controller 0 epoch 7 sending UpdateMetadata request (Leader:0,ISR:0,LeaderEpoch:5,ControllerEpoch:6) with correlationId 4 to broker 0 for partition [test,0] (state.change.logger)
[2015-04-30 19:15:03,286] TRACE Controller 0 epoch 7 started leader election for partition [test,0] (state.change.logger)
[2015-04-30 19:15:03,294] TRACE Broker 0 cached leader info (LeaderAndIsrInfo:(Leader:0,ISR:0,LeaderEpoch:5,ControllerEpoch:6),ReplicationFactor:1),AllReplicas:0) for partition [test,0] in response to UpdateMetadata request sent by controller 0 epoch 7 with correlation id 3 (state.change.logger)
[2015-04-30 19:15:03,305] TRACE Controller 0 epoch 7 elected leader 0 for Offline partition [test,0] (state.change.logger)
[2015-04-30 19:15:03,307] TRACE Controller 0 epoch 7 changed partition [test,0] from OfflinePartition to OnlinePartition with leader 0 (state.change.logger)
[2015-04-30 19:15:03,307] TRACE Controller 0 epoch 7 sending become-leader LeaderAndIsr request (Leader:0,ISR:0,LeaderEpoch:6,ControllerEpoch:7) with correlationId 5 to broker 0 for partition [test,0] (state.change.logger)
[2015-04-30 19:15:03,308] TRACE Controller 0 epoch 7 sending UpdateMetadata request (Leader:0,ISR:0,LeaderEpoch:6,ControllerEpoch:7) with correlationId 5 to broker 0 for partition [test,0] (state.change.logger)
[2015-04-30 19:15:03,312] TRACE Controller 0 epoch 7 received response UpdateMetadataResponse(3,0) for a request sent to broker id:0,host:airbears2-10-142-33-133.airbears2.1918.berkeley.edu,port:9092 (state.change.logger)
[2015-04-30 19:15:03,359] TRACE Broker 0 received LeaderAndIsr request (LeaderAndIsrInfo:(Leader:0,ISR:0,LeaderEpoch:5,ControllerEpoch:6),ReplicationFactor:1),AllReplicas:0) correlation id 4 from controller 0 epoch 7 for partition [test,0] (state.change.logger)
[2015-04-30 19:15:03,364] TRACE Broker 0 handling LeaderAndIsr request correlationId 4 from controller 0 epoch 7 starting the become-leader transition for partition [test,0] (state.change.logger)
[2015-04-30 19:15:03,367] TRACE Broker 0 stopped fetchers as part of become-leader request from controller 0 epoch 7 with correlation id 4 for partition [test,0] (state.change.logger)
[2015-04-30 19:15:03,419] TRACE Broker 0 completed LeaderAndIsr request correlationId 4 from controller 0 epoch 7 for the become-leader transition for partition [test,0] (state.change.logger)
[2015-04-30 19:15:03,424] TRACE Controller 0 epoch 7 received response LeaderAndIsrResponse(4,Map((test,0) -> 0),0) for a request sent to broker id:0,host:airbears2-10-142-33-133.airbears2.1918.berkeley.edu,port:9092 (state.change.logger)
[2015-04-30 19:15:03,427] TRACE Broker 0 cached leader info (LeaderAndIsrInfo:(Leader:0,ISR:0,LeaderEpoch:5,ControllerEpoch:6),ReplicationFactor:1),AllReplicas:0) for partition [test,0] in response to UpdateMetadata request sent by controller 0 epoch 7 with correlation id 4 (state.change.logger)
[2015-04-30 19:15:03,428] TRACE Controller 0 epoch 7 received response UpdateMetadataResponse(4,0) for a request sent to broker id:0,host:airbears2-10-142-33-133.airbears2.1918.berkeley.edu,port:9092 (state.change.logger)
[2015-04-30 19:15:03,430] TRACE Broker 0 received LeaderAndIsr request (LeaderAndIsrInfo:(Leader:0,ISR:0,LeaderEpoch:6,ControllerEpoch:7),ReplicationFactor:1),AllReplicas:0) correlation id 5 from controller 0 epoch 7 for partition [test,0] (state.change.logger)
[2015-04-30 19:15:03,430] TRACE Broker 0 handling LeaderAndIsr request correlationId 5 from controller 0 epoch 7 starting the become-leader transition for partition [test,0] (state.change.logger)
[2015-04-30 19:15:03,431] TRACE Broker 0 stopped fetchers as part of become-leader request from controller 0 epoch 7 with correlation id 5 for partition [test,0] (state.change.logger)
[2015-04-30 19:15:03,432] TRACE Broker 0 completed LeaderAndIsr request correlationId 5 from controller 0 epoch 7 for the become-leader transition for partition [test,0] (state.change.logger)
[2015-04-30 19:15:03,432] TRACE Controller 0 epoch 7 received response LeaderAndIsrResponse(5,Map((test,0) -> 0),0) for a request sent to broker id:0,host:airbears2-10-142-33-133.airbears2.1918.berkeley.edu,port:9092 (state.change.logger)
[2015-04-30 19:15:03,433] TRACE Broker 0 cached leader info (LeaderAndIsrInfo:(Leader:0,ISR:0,LeaderEpoch:6,ControllerEpoch:7),ReplicationFactor:1),AllReplicas:0) for partition [test,0] in response to UpdateMetadata request sent by controller 0 epoch 7 with correlation id 5 (state.change.logger)
[2015-04-30 19:15:03,434] TRACE Controller 0 epoch 7 received response UpdateMetadataResponse(5,0) for a request sent to broker id:0,host:airbears2-10-142-33-133.airbears2.1918.berkeley.edu,port:9092 (state.change.logger)
[2015-04-30 19:18:54,480] DEBUG preRegister called. Server=com.sun.jmx.mbeanserver.JmxMBeanServer@365aad2a, name=log4j:logger=state.change.logger (state.change.logger)
[2015-04-30 19:18:57,829] TRACE Controller 0 epoch 8 started leader election for partition [test,0] (state.change.logger)
[2015-04-30 19:18:57,866] ERROR Controller 0 epoch 8 initiated state change for partition [test,0] from OfflinePartition to OnlinePartition failed (state.change.logger)
kafka.common.NoReplicaOnlineException: No replica for partition [test,0] is alive. Live brokers are: [Set()], Assigned replicas are: [List(0)]
	at kafka.controller.OfflinePartitionLeaderSelector.selectLeader(PartitionLeaderSelector.scala:75)
	at kafka.controller.PartitionStateMachine.electLeaderForPartition(PartitionStateMachine.scala:357)
	at kafka.controller.PartitionStateMachine.kafka$controller$PartitionStateMachine$$handleStateChange(PartitionStateMachine.scala:206)
	at kafka.controller.PartitionStateMachine$$anonfun$triggerOnlinePartitionStateChange$3.apply(PartitionStateMachine.scala:120)
	at kafka.controller.PartitionStateMachine$$anonfun$triggerOnlinePartitionStateChange$3.apply(PartitionStateMachine.scala:117)
	at scala.collection.TraversableLike$WithFilter$$anonfun$foreach$1.apply(TraversableLike.scala:772)
	at scala.collection.mutable.HashMap$$anonfun$foreach$1.apply(HashMap.scala:98)
	at scala.collection.mutable.HashMap$$anonfun$foreach$1.apply(HashMap.scala:98)
	at scala.collection.mutable.HashTable$class.foreachEntry(HashTable.scala:226)
	at scala.collection.mutable.HashMap.foreachEntry(HashMap.scala:39)
	at scala.collection.mutable.HashMap.foreach(HashMap.scala:98)
	at scala.collection.TraversableLike$WithFilter.foreach(TraversableLike.scala:771)
	at kafka.controller.PartitionStateMachine.triggerOnlinePartitionStateChange(PartitionStateMachine.scala:117)
	at kafka.controller.PartitionStateMachine.startup(PartitionStateMachine.scala:70)
	at kafka.controller.KafkaController.onControllerFailover(KafkaController.scala:314)
	at kafka.controller.KafkaController$$anonfun$1.apply$mcV$sp(KafkaController.scala:161)
	at kafka.server.ZookeeperLeaderElector.elect(ZookeeperLeaderElector.scala:81)
	at kafka.server.ZookeeperLeaderElector$$anonfun$startup$1.apply$mcZ$sp(ZookeeperLeaderElector.scala:49)
	at kafka.server.ZookeeperLeaderElector$$anonfun$startup$1.apply(ZookeeperLeaderElector.scala:47)
	at kafka.server.ZookeeperLeaderElector$$anonfun$startup$1.apply(ZookeeperLeaderElector.scala:47)
	at kafka.utils.Utils$.inLock(Utils.scala:566)
	at kafka.server.ZookeeperLeaderElector.startup(ZookeeperLeaderElector.scala:47)
	at kafka.controller.KafkaController$$anonfun$startup$1.apply$mcV$sp(KafkaController.scala:652)
	at kafka.controller.KafkaController$$anonfun$startup$1.apply(KafkaController.scala:648)
	at kafka.controller.KafkaController$$anonfun$startup$1.apply(KafkaController.scala:648)
	at kafka.utils.Utils$.inLock(Utils.scala:566)
	at kafka.controller.KafkaController.startup(KafkaController.scala:648)
	at kafka.server.KafkaServer.startup(KafkaServer.scala:141)
	at kafka.server.KafkaServerStartable.startup(KafkaServerStartable.scala:29)
	at kafka.Kafka$.main(Kafka.scala:66)
	at kafka.Kafka.main(Kafka.scala)
[2015-04-30 19:18:57,992] TRACE Controller 0 epoch 8 sending UpdateMetadata request (Leader:0,ISR:0,LeaderEpoch:6,ControllerEpoch:7) with correlationId 3 to broker 0 for partition [test,0] (state.change.logger)
[2015-04-30 19:18:58,006] TRACE Controller 0 epoch 8 changed state of replica 0 for partition [test,0] from ReplicaDeletionIneligible to OnlineReplica (state.change.logger)
[2015-04-30 19:18:58,009] TRACE Controller 0 epoch 8 sending become-leader LeaderAndIsr request (Leader:0,ISR:0,LeaderEpoch:6,ControllerEpoch:7) with correlationId 4 to broker 0 for partition [test,0] (state.change.logger)
[2015-04-30 19:18:58,009] TRACE Controller 0 epoch 8 sending UpdateMetadata request (Leader:0,ISR:0,LeaderEpoch:6,ControllerEpoch:7) with correlationId 4 to broker 0 for partition [test,0] (state.change.logger)
[2015-04-30 19:18:58,009] TRACE Controller 0 epoch 8 started leader election for partition [test,0] (state.change.logger)
[2015-04-30 19:18:58,015] TRACE Broker 0 cached leader info (LeaderAndIsrInfo:(Leader:0,ISR:0,LeaderEpoch:6,ControllerEpoch:7),ReplicationFactor:1),AllReplicas:0) for partition [test,0] in response to UpdateMetadata request sent by controller 0 epoch 8 with correlation id 3 (state.change.logger)
[2015-04-30 19:18:58,026] TRACE Controller 0 epoch 8 elected leader 0 for Offline partition [test,0] (state.change.logger)
[2015-04-30 19:18:58,029] TRACE Controller 0 epoch 8 changed partition [test,0] from OfflinePartition to OnlinePartition with leader 0 (state.change.logger)
[2015-04-30 19:18:58,029] TRACE Controller 0 epoch 8 sending become-leader LeaderAndIsr request (Leader:0,ISR:0,LeaderEpoch:7,ControllerEpoch:8) with correlationId 5 to broker 0 for partition [test,0] (state.change.logger)
[2015-04-30 19:18:58,029] TRACE Controller 0 epoch 8 sending UpdateMetadata request (Leader:0,ISR:0,LeaderEpoch:7,ControllerEpoch:8) with correlationId 5 to broker 0 for partition [test,0] (state.change.logger)
[2015-04-30 19:18:58,030] TRACE Controller 0 epoch 8 received response UpdateMetadataResponse(3,0) for a request sent to broker id:0,host:airbears2-10-142-33-133.airbears2.1918.berkeley.edu,port:9092 (state.change.logger)
[2015-04-30 19:18:58,073] TRACE Broker 0 received LeaderAndIsr request (LeaderAndIsrInfo:(Leader:0,ISR:0,LeaderEpoch:6,ControllerEpoch:7),ReplicationFactor:1),AllReplicas:0) correlation id 4 from controller 0 epoch 8 for partition [test,0] (state.change.logger)
[2015-04-30 19:18:58,079] TRACE Broker 0 handling LeaderAndIsr request correlationId 4 from controller 0 epoch 8 starting the become-leader transition for partition [test,0] (state.change.logger)
[2015-04-30 19:18:58,082] TRACE Broker 0 stopped fetchers as part of become-leader request from controller 0 epoch 8 with correlation id 4 for partition [test,0] (state.change.logger)
[2015-04-30 19:18:58,100] TRACE Broker 0 completed LeaderAndIsr request correlationId 4 from controller 0 epoch 8 for the become-leader transition for partition [test,0] (state.change.logger)
[2015-04-30 19:18:58,106] TRACE Controller 0 epoch 8 received response LeaderAndIsrResponse(4,Map((test,0) -> 0),0) for a request sent to broker id:0,host:airbears2-10-142-33-133.airbears2.1918.berkeley.edu,port:9092 (state.change.logger)
[2015-04-30 19:18:58,107] TRACE Broker 0 cached leader info (LeaderAndIsrInfo:(Leader:0,ISR:0,LeaderEpoch:6,ControllerEpoch:7),ReplicationFactor:1),AllReplicas:0) for partition [test,0] in response to UpdateMetadata request sent by controller 0 epoch 8 with correlation id 4 (state.change.logger)
[2015-04-30 19:18:58,108] TRACE Controller 0 epoch 8 received response UpdateMetadataResponse(4,0) for a request sent to broker id:0,host:airbears2-10-142-33-133.airbears2.1918.berkeley.edu,port:9092 (state.change.logger)
[2015-04-30 19:18:58,109] TRACE Broker 0 received LeaderAndIsr request (LeaderAndIsrInfo:(Leader:0,ISR:0,LeaderEpoch:7,ControllerEpoch:8),ReplicationFactor:1),AllReplicas:0) correlation id 5 from controller 0 epoch 8 for partition [test,0] (state.change.logger)
[2015-04-30 19:18:58,109] TRACE Broker 0 handling LeaderAndIsr request correlationId 5 from controller 0 epoch 8 starting the become-leader transition for partition [test,0] (state.change.logger)
[2015-04-30 19:18:58,109] TRACE Broker 0 stopped fetchers as part of become-leader request from controller 0 epoch 8 with correlation id 5 for partition [test,0] (state.change.logger)
[2015-04-30 19:18:58,110] TRACE Broker 0 completed LeaderAndIsr request correlationId 5 from controller 0 epoch 8 for the become-leader transition for partition [test,0] (state.change.logger)
[2015-04-30 19:18:58,111] TRACE Controller 0 epoch 8 received response LeaderAndIsrResponse(5,Map((test,0) -> 0),0) for a request sent to broker id:0,host:airbears2-10-142-33-133.airbears2.1918.berkeley.edu,port:9092 (state.change.logger)
[2015-04-30 19:18:58,111] TRACE Broker 0 cached leader info (LeaderAndIsrInfo:(Leader:0,ISR:0,LeaderEpoch:7,ControllerEpoch:8),ReplicationFactor:1),AllReplicas:0) for partition [test,0] in response to UpdateMetadata request sent by controller 0 epoch 8 with correlation id 5 (state.change.logger)
[2015-04-30 19:18:58,112] TRACE Controller 0 epoch 8 received response UpdateMetadataResponse(5,0) for a request sent to broker id:0,host:airbears2-10-142-33-133.airbears2.1918.berkeley.edu,port:9092 (state.change.logger)
[2015-04-30 19:41:25,789] DEBUG preRegister called. Server=com.sun.jmx.mbeanserver.JmxMBeanServer@2d247c45, name=log4j:logger=state.change.logger (state.change.logger)
